{"C:\\Users\\Alvaro\\Documents\\Ingenieria de Sotware\\TDDLabBaseProject-logfiles\\src\\multiplicador.js": {"path":"C:\\Users\\Alvaro\\Documents\\Ingenieria de Sotware\\TDDLabBaseProject-logfiles\\src\\multiplicador.js","statementMap":{"0":{"start":{"line":2,"column":2},"end":{"line":2,"column":15}}},"fnMap":{"0":{"name":"multiplicar","decl":{"start":{"line":1,"column":9},"end":{"line":1,"column":20}},"loc":{"start":{"line":1,"column":27},"end":{"line":3,"column":1}},"line":1}},"branchMap":{},"s":{"0":1},"f":{"0":1},"b":{},"_coverageSchema":"1a1c01bbd47fc00a2c39e90264f33305004495a9","hash":"453817403a9765d9340f2dfa7339b9c9084fd340"}
,"C:\\Users\\Alvaro\\Documents\\Ingenieria de Sotware\\TDDLabBaseProject-logfiles\\src\\sumador.js": {"path":"C:\\Users\\Alvaro\\Documents\\Ingenieria de Sotware\\TDDLabBaseProject-logfiles\\src\\sumador.js","statementMap":{"0":{"start":{"line":2,"column":2},"end":{"line":2,"column":15}}},"fnMap":{"0":{"name":"sumar","decl":{"start":{"line":1,"column":9},"end":{"line":1,"column":14}},"loc":{"start":{"line":1,"column":21},"end":{"line":3,"column":1}},"line":1}},"branchMap":{},"s":{"0":1},"f":{"0":1},"b":{},"_coverageSchema":"1a1c01bbd47fc00a2c39e90264f33305004495a9","hash":"a7030b84914d5903a30288f2ae54bc20bd7db57c"}
}
